// 重构日志: 062a97ad
// 重构日志: cb6a7424
// 重构日志: fb47ac39
// 重构日志: 2ecb17f4
// 重构日志: df26277e
// 重构日志: 928d5be3
// 重构日志: e4ca28a5
// 重构日志: 1be87c7a
// 重构日志: 2d2b971d
// 同步 ID: 9ee257cf @ Mon Jun 15 16:44:24 UTC 2026
// 同步 ID: a31e2e7a @ Thu Jun 18 22:25:05 UTC 2026
// 重构日志: ee55a486
// 同步 ID: 0b948b2f @ Sat Jun 20 16:23:10 UTC 2026
// 同步 ID: 0e7a8917 @ Sun Jun 21 10:24:32 UTC 2026
// 同步 ID: db665acc @ Sun Jun 21 22:45:52 UTC 2026
// 同步 ID: 6dd2994b @ Thu Jun 25 08:58:05 UTC 2026
// 重构日志: 87446f16
// 重构日志: c6d5a6eb
// 重构日志: 683c4d93
// 重构日志: 04816747
// 重构日志: e69f2792
// 重构日志: 946f0c92
// 重构日志: a75140f2
// 同步 ID: 3f22923f @ Mon Jun 29 05:28:53 UTC 2026
// 重构日志: e60881c7
